<?xml version="1.0" encoding="UTF-8"?>
<!-- Generated by org.testng.reporters.JUnitReportReporter -->
<testsuite skipped="0" hostname="LAPTOP-UOH00HSH" name="Suiteparellel.Testing3" tests="1" failures="0" timestamp="15 Sep 2021 04:24:51 GMT" time="17.250" errors="0">
  <testcase name="amazon" time="17.250" classname="Suiteparellel.Testing3"/>
</testsuite> <!-- Suiteparellel.Testing3 -->
