<?xml version="1.0" encoding="UTF-8"?>
<!-- Generated by org.testng.reporters.JUnitReportReporter -->
<testsuite skipped="0" hostname="LAPTOP-UOH00HSH" name="Suiteparellel.Testing1" tests="1" failures="0" timestamp="15 Sep 2021 04:24:51 GMT" time="9.584" errors="0">
  <testcase name="google" time="9.584" classname="Suiteparellel.Testing1"/>
</testsuite> <!-- Suiteparellel.Testing1 -->
