<?xml version="1.0" encoding="UTF-8"?>
<!-- Generated by org.testng.reporters.JUnitReportReporter -->
<testsuite skipped="0" hostname="LAPTOP-UOH00HSH" name="Suiteparellel.Testing2" tests="1" failures="0" timestamp="15 Sep 2021 04:24:51 GMT" time="9.397" errors="0">
  <testcase name="facebook" time="9.397" classname="Suiteparellel.Testing2"/>
</testsuite> <!-- Suiteparellel.Testing2 -->
