<?xml version="1.0" encoding="UTF-8"?>
<!-- Generated by org.testng.reporters.JUnitReportReporter -->
<testsuite skipped="0" hostname="LAPTOP-UOH00HSH" name="org.testng.Sample" tests="6" failures="0" timestamp="13 Sep 2021 05:37:31 GMT" time="0.016" errors="0">
  <testcase name="tc5" time="0.001" classname="org.testng.Sample"/>
  <testcase name="tc3" time="0.002" classname="org.testng.Sample"/>
  <testcase name="tc0" time="0.008" classname="org.testng.Sample"/>
  <testcase name="tc1" time="0.001" classname="org.testng.Sample"/>
  <testcase name="tc2" time="0.001" classname="org.testng.Sample"/>
  <testcase name="tc4" time="0.003" classname="org.testng.Sample"/>
</testsuite> <!-- org.testng.Sample -->
